[GIN-debug] [WARNING] Creating an Engine instance with the Logger and Recovery middleware already attached.

[GIN-debug] [WARNING] Running in "debug" mode. Switch to "release" mode in production.
 - using env:	export GIN_MODE=release
 - using code:	gin.SetMode(gin.ReleaseMode)

[GIN-debug] GET    /api/v1/chat              --> github.com/cfabrica46/chat-gin-web-socket/handler.Chat (4 handlers)
[GIN-debug] GET    /api/v1/host              --> github.com/cfabrica46/chat-gin-web-socket/handler.GetHost (4 handlers)
[GIN-debug] Listening and serving HTTPS on :8080
signal: terminated
[GIN-debug] [WARNING] Creating an Engine instance with the Logger and Recovery middleware already attached.

[GIN-debug] [WARNING] Running in "debug" mode. Switch to "release" mode in production.
 - using env:	export GIN_MODE=release
 - using code:	gin.SetMode(gin.ReleaseMode)

[GIN-debug] GET    /api/v1/chat              --> github.com/cfabrica46/chat-gin-web-socket/handler.Chat (4 handlers)
[GIN-debug] GET    /api/v1/host              --> github.com/cfabrica46/chat-gin-web-socket/handler.GetHost (4 handlers)
[GIN-debug] Listening and serving HTTPS on :8080
2021/09/23 19:16:31 http: TLS handshake error from [::1]:50812: remote error: tls: unknown certificate
[GIN] 2021/09/23 - 19:16:31 | 200 |    1.893104ms |             ::1 | GET      "/"
[GIN] 2021/09/23 - 19:16:31 | 200 |     557.274µs |             ::1 | GET      "/dist/style.css"
[GIN] 2021/09/23 - 19:16:32 | 200 |    2.432051ms |             ::1 | GET      "/dist/bundle.js"
[GIN] 2021/09/23 - 19:16:32 | 200 |      23.561µs |             ::1 | GET      "/api/v1/host"
[GIN] 2021/09/23 - 19:16:32 | 404 |      11.465µs |             ::1 | GET      "/favicon.ico"
signal: terminated
